C:\USERS\ROY\DOCUMENTS\VISUAL STUDIO 2012\PROJECTS\CS204_HW5\CS204_HW5\DEBUG\ACCOUNT.OBJ
C:\USERS\ROY\DOCUMENTS\VISUAL STUDIO 2012\PROJECTS\CS204_HW5\CS204_HW5\DEBUG\SOURCE.OBJ
C:\USERS\ROY\DOCUMENTS\VISUAL STUDIO 2012\PROJECTS\CS204_HW5\CS204_HW5\DEBUG\CHILD.OBJ
C:\USERS\ROY\DOCUMENTS\VISUAL STUDIO 2012\PROJECTS\CS204_HW5\CS204_HW5\DEBUG\PARENT.OBJ
C:\USERS\ROY\DOCUMENTS\VISUAL STUDIO 2012\PROJECTS\CS204_HW5\CS204_HW5\DEBUG\VC110.PDB
C:\USERS\ROY\DOCUMENTS\VISUAL STUDIO 2012\PROJECTS\CS204_HW5\DEBUG\CS204_HW5.ILK
C:\USERS\ROY\DOCUMENTS\VISUAL STUDIO 2012\PROJECTS\CS204_HW5\DEBUG\CS204_HW5.EXE
C:\USERS\ROY\DOCUMENTS\VISUAL STUDIO 2012\PROJECTS\CS204_HW5\DEBUG\CS204_HW5.PDB
c:\Users\Roy\documents\visual studio 2012\Projects\CS204_HW5\CS204_HW5\Debug\account.obj
c:\Users\Roy\documents\visual studio 2012\Projects\CS204_HW5\CS204_HW5\Debug\child.obj
c:\Users\Roy\documents\visual studio 2012\Projects\CS204_HW5\CS204_HW5\Debug\parent.obj
c:\Users\Roy\documents\visual studio 2012\Projects\CS204_HW5\CS204_HW5\Debug\source.obj
c:\Users\Roy\documents\visual studio 2012\Projects\CS204_HW5\CS204_HW5\Debug\cl.command.1.tlog
c:\Users\Roy\documents\visual studio 2012\Projects\CS204_HW5\CS204_HW5\Debug\CL.read.1.tlog
c:\Users\Roy\documents\visual studio 2012\Projects\CS204_HW5\CS204_HW5\Debug\CL.write.1.tlog
c:\Users\Roy\documents\visual studio 2012\Projects\CS204_HW5\CS204_HW5\Debug\link-cvtres.read.1.tlog
c:\Users\Roy\documents\visual studio 2012\Projects\CS204_HW5\CS204_HW5\Debug\link-cvtres.write.1.tlog
c:\Users\Roy\documents\visual studio 2012\Projects\CS204_HW5\CS204_HW5\Debug\link-rc.read.1.tlog
c:\Users\Roy\documents\visual studio 2012\Projects\CS204_HW5\CS204_HW5\Debug\link-rc.write.1.tlog
c:\Users\Roy\documents\visual studio 2012\Projects\CS204_HW5\CS204_HW5\Debug\link.13696-cvtres.read.1.tlog
c:\Users\Roy\documents\visual studio 2012\Projects\CS204_HW5\CS204_HW5\Debug\link.13696-cvtres.write.1.tlog
c:\Users\Roy\documents\visual studio 2012\Projects\CS204_HW5\CS204_HW5\Debug\link.13696-rc.read.1.tlog
c:\Users\Roy\documents\visual studio 2012\Projects\CS204_HW5\CS204_HW5\Debug\link.13696-rc.write.1.tlog
c:\Users\Roy\documents\visual studio 2012\Projects\CS204_HW5\CS204_HW5\Debug\link.13696.read.1.tlog
c:\Users\Roy\documents\visual studio 2012\Projects\CS204_HW5\CS204_HW5\Debug\link.13696.write.1.tlog
c:\Users\Roy\documents\visual studio 2012\Projects\CS204_HW5\CS204_HW5\Debug\link.command.1.tlog
c:\Users\Roy\documents\visual studio 2012\Projects\CS204_HW5\CS204_HW5\Debug\link.read.1.tlog
c:\Users\Roy\documents\visual studio 2012\Projects\CS204_HW5\CS204_HW5\Debug\link.write.1.tlog
c:\Users\Roy\documents\visual studio 2012\Projects\CS204_HW5\CS204_HW5\Debug\vc110.idb
c:\Users\Roy\documents\visual studio 2012\Projects\CS204_HW5\CS204_HW5\Debug\vc110.pdb
c:\users\roy\documents\visual studio 2012\Projects\CS204_HW5\Debug\CS204_HW5.pdb
c:\users\roy\documents\visual studio 2012\Projects\CS204_HW5\Debug\CS204_HW5.exe
c:\users\roy\documents\visual studio 2012\Projects\CS204_HW5\Debug\CS204_HW5.ilk
