C:\USERS\ROY\DOCUMENTS\VISUAL STUDIO 2012\PROJECTS\CS300_HW3\CS300_HW3\DEBUG\BINARYSEARCHTREE.OBJ
C:\USERS\ROY\DOCUMENTS\VISUAL STUDIO 2012\PROJECTS\CS300_HW3\CS300_HW3\DEBUG\ROY_BASMACIER_ROY_HW3.OBJ
C:\USERS\ROY\DOCUMENTS\VISUAL STUDIO 2012\PROJECTS\CS300_HW3\CS300_HW3\DEBUG\HASHTABLE.OBJ
C:\USERS\ROY\DOCUMENTS\VISUAL STUDIO 2012\PROJECTS\CS300_HW3\CS300_HW3\DEBUG\VC110.PDB
C:\USERS\ROY\DOCUMENTS\VISUAL STUDIO 2012\PROJECTS\CS300_HW3\DEBUG\CS300_HW3.ILK
C:\USERS\ROY\DOCUMENTS\VISUAL STUDIO 2012\PROJECTS\CS300_HW3\DEBUG\CS300_HW3.EXE
C:\USERS\ROY\DOCUMENTS\VISUAL STUDIO 2012\PROJECTS\CS300_HW3\DEBUG\CS300_HW3.PDB
C:\Users\Roy\documents\visual studio 2012\Projects\CS300_HW3\CS300_HW3\Debug\BinarySearchTree.obj
C:\Users\Roy\documents\visual studio 2012\Projects\CS300_HW3\CS300_HW3\Debug\HashTable.obj
C:\Users\Roy\documents\visual studio 2012\Projects\CS300_HW3\CS300_HW3\Debug\roy_basmacier_roy_hw3.obj
C:\Users\Roy\documents\visual studio 2012\Projects\CS300_HW3\CS300_HW3\Debug\cl.command.1.tlog
C:\Users\Roy\documents\visual studio 2012\Projects\CS300_HW3\CS300_HW3\Debug\CL.read.1.tlog
C:\Users\Roy\documents\visual studio 2012\Projects\CS300_HW3\CS300_HW3\Debug\CL.write.1.tlog
C:\Users\Roy\documents\visual studio 2012\Projects\CS300_HW3\CS300_HW3\Debug\link-cvtres.read.1.tlog
C:\Users\Roy\documents\visual studio 2012\Projects\CS300_HW3\CS300_HW3\Debug\link-cvtres.write.1.tlog
C:\Users\Roy\documents\visual studio 2012\Projects\CS300_HW3\CS300_HW3\Debug\link-rc.read.1.tlog
C:\Users\Roy\documents\visual studio 2012\Projects\CS300_HW3\CS300_HW3\Debug\link-rc.write.1.tlog
C:\Users\Roy\documents\visual studio 2012\Projects\CS300_HW3\CS300_HW3\Debug\link.command.1.tlog
C:\Users\Roy\documents\visual studio 2012\Projects\CS300_HW3\CS300_HW3\Debug\link.read.1.tlog
C:\Users\Roy\documents\visual studio 2012\Projects\CS300_HW3\CS300_HW3\Debug\link.write.1.tlog
C:\Users\Roy\documents\visual studio 2012\Projects\CS300_HW3\CS300_HW3\Debug\vc110.idb
C:\Users\Roy\documents\visual studio 2012\Projects\CS300_HW3\CS300_HW3\Debug\vc110.pdb
C:\Users\Roy\documents\visual studio 2012\Projects\CS300_HW3\Debug\CS300_HW3.pdb
C:\Users\Roy\documents\visual studio 2012\Projects\CS300_HW3\Debug\CS300_HW3.exe
C:\Users\Roy\documents\visual studio 2012\Projects\CS300_HW3\Debug\CS300_HW3.ilk
