C:\USERS\ROY\DOCUMENTS\VISUAL STUDIO 2012\PROJECTS\CS204_HW7\CS204_HW7\DEBUG\RSA.OBJ
C:\USERS\ROY\DOCUMENTS\VISUAL STUDIO 2012\PROJECTS\CS204_HW7\CS204_HW7\DEBUG\VC110.PDB
C:\USERS\ROY\DOCUMENTS\VISUAL STUDIO 2012\PROJECTS\CS204_HW7\DEBUG\CS204_HW7.ILK
C:\USERS\ROY\DOCUMENTS\VISUAL STUDIO 2012\PROJECTS\CS204_HW7\DEBUG\CS204_HW7.EXE
C:\USERS\ROY\DOCUMENTS\VISUAL STUDIO 2012\PROJECTS\CS204_HW7\DEBUG\CS204_HW7.PDB
C:\Users\Roy\Documents\Visual Studio 2012\Projects\CS204_HW7\CS204_HW7\Debug\rsa.obj
C:\Users\Roy\Documents\Visual Studio 2012\Projects\CS204_HW7\CS204_HW7\Debug\cl.command.1.tlog
C:\Users\Roy\Documents\Visual Studio 2012\Projects\CS204_HW7\CS204_HW7\Debug\CL.read.1.tlog
C:\Users\Roy\Documents\Visual Studio 2012\Projects\CS204_HW7\CS204_HW7\Debug\CL.write.1.tlog
C:\Users\Roy\Documents\Visual Studio 2012\Projects\CS204_HW7\CS204_HW7\Debug\link-cvtres.read.1.tlog
C:\Users\Roy\Documents\Visual Studio 2012\Projects\CS204_HW7\CS204_HW7\Debug\link-cvtres.write.1.tlog
C:\Users\Roy\Documents\Visual Studio 2012\Projects\CS204_HW7\CS204_HW7\Debug\link-rc.read.1.tlog
C:\Users\Roy\Documents\Visual Studio 2012\Projects\CS204_HW7\CS204_HW7\Debug\link-rc.write.1.tlog
C:\Users\Roy\Documents\Visual Studio 2012\Projects\CS204_HW7\CS204_HW7\Debug\link.11172-cvtres.read.1.tlog
C:\Users\Roy\Documents\Visual Studio 2012\Projects\CS204_HW7\CS204_HW7\Debug\link.11172-cvtres.write.1.tlog
C:\Users\Roy\Documents\Visual Studio 2012\Projects\CS204_HW7\CS204_HW7\Debug\link.11172-rc.read.1.tlog
C:\Users\Roy\Documents\Visual Studio 2012\Projects\CS204_HW7\CS204_HW7\Debug\link.11172-rc.write.1.tlog
C:\Users\Roy\Documents\Visual Studio 2012\Projects\CS204_HW7\CS204_HW7\Debug\link.11172.read.1.tlog
C:\Users\Roy\Documents\Visual Studio 2012\Projects\CS204_HW7\CS204_HW7\Debug\link.11172.write.1.tlog
C:\Users\Roy\Documents\Visual Studio 2012\Projects\CS204_HW7\CS204_HW7\Debug\link.11856-cvtres.read.1.tlog
C:\Users\Roy\Documents\Visual Studio 2012\Projects\CS204_HW7\CS204_HW7\Debug\link.11856-cvtres.write.1.tlog
C:\Users\Roy\Documents\Visual Studio 2012\Projects\CS204_HW7\CS204_HW7\Debug\link.11856-rc.read.1.tlog
C:\Users\Roy\Documents\Visual Studio 2012\Projects\CS204_HW7\CS204_HW7\Debug\link.11856-rc.write.1.tlog
C:\Users\Roy\Documents\Visual Studio 2012\Projects\CS204_HW7\CS204_HW7\Debug\link.11856.read.1.tlog
C:\Users\Roy\Documents\Visual Studio 2012\Projects\CS204_HW7\CS204_HW7\Debug\link.11856.write.1.tlog
C:\Users\Roy\Documents\Visual Studio 2012\Projects\CS204_HW7\CS204_HW7\Debug\link.11928-cvtres.read.1.tlog
C:\Users\Roy\Documents\Visual Studio 2012\Projects\CS204_HW7\CS204_HW7\Debug\link.11928-cvtres.write.1.tlog
C:\Users\Roy\Documents\Visual Studio 2012\Projects\CS204_HW7\CS204_HW7\Debug\link.11928-rc.read.1.tlog
C:\Users\Roy\Documents\Visual Studio 2012\Projects\CS204_HW7\CS204_HW7\Debug\link.11928-rc.write.1.tlog
C:\Users\Roy\Documents\Visual Studio 2012\Projects\CS204_HW7\CS204_HW7\Debug\link.11928.read.1.tlog
C:\Users\Roy\Documents\Visual Studio 2012\Projects\CS204_HW7\CS204_HW7\Debug\link.11928.write.1.tlog
C:\Users\Roy\Documents\Visual Studio 2012\Projects\CS204_HW7\CS204_HW7\Debug\link.12036-cvtres.read.1.tlog
C:\Users\Roy\Documents\Visual Studio 2012\Projects\CS204_HW7\CS204_HW7\Debug\link.12036-cvtres.write.1.tlog
C:\Users\Roy\Documents\Visual Studio 2012\Projects\CS204_HW7\CS204_HW7\Debug\link.12036-rc.read.1.tlog
C:\Users\Roy\Documents\Visual Studio 2012\Projects\CS204_HW7\CS204_HW7\Debug\link.12036-rc.write.1.tlog
C:\Users\Roy\Documents\Visual Studio 2012\Projects\CS204_HW7\CS204_HW7\Debug\link.12036.read.1.tlog
C:\Users\Roy\Documents\Visual Studio 2012\Projects\CS204_HW7\CS204_HW7\Debug\link.12036.write.1.tlog
C:\Users\Roy\Documents\Visual Studio 2012\Projects\CS204_HW7\CS204_HW7\Debug\link.13920-cvtres.read.1.tlog
C:\Users\Roy\Documents\Visual Studio 2012\Projects\CS204_HW7\CS204_HW7\Debug\link.13920-cvtres.write.1.tlog
C:\Users\Roy\Documents\Visual Studio 2012\Projects\CS204_HW7\CS204_HW7\Debug\link.13920-rc.read.1.tlog
C:\Users\Roy\Documents\Visual Studio 2012\Projects\CS204_HW7\CS204_HW7\Debug\link.13920-rc.write.1.tlog
C:\Users\Roy\Documents\Visual Studio 2012\Projects\CS204_HW7\CS204_HW7\Debug\link.13920.read.1.tlog
C:\Users\Roy\Documents\Visual Studio 2012\Projects\CS204_HW7\CS204_HW7\Debug\link.13920.write.1.tlog
C:\Users\Roy\Documents\Visual Studio 2012\Projects\CS204_HW7\CS204_HW7\Debug\link.1464-cvtres.read.1.tlog
C:\Users\Roy\Documents\Visual Studio 2012\Projects\CS204_HW7\CS204_HW7\Debug\link.1464-cvtres.write.1.tlog
C:\Users\Roy\Documents\Visual Studio 2012\Projects\CS204_HW7\CS204_HW7\Debug\link.1464-rc.read.1.tlog
C:\Users\Roy\Documents\Visual Studio 2012\Projects\CS204_HW7\CS204_HW7\Debug\link.1464-rc.write.1.tlog
C:\Users\Roy\Documents\Visual Studio 2012\Projects\CS204_HW7\CS204_HW7\Debug\link.1464.read.1.tlog
C:\Users\Roy\Documents\Visual Studio 2012\Projects\CS204_HW7\CS204_HW7\Debug\link.1464.write.1.tlog
C:\Users\Roy\Documents\Visual Studio 2012\Projects\CS204_HW7\CS204_HW7\Debug\link.15028-cvtres.read.1.tlog
C:\Users\Roy\Documents\Visual Studio 2012\Projects\CS204_HW7\CS204_HW7\Debug\link.15028-cvtres.write.1.tlog
C:\Users\Roy\Documents\Visual Studio 2012\Projects\CS204_HW7\CS204_HW7\Debug\link.15028-rc.read.1.tlog
C:\Users\Roy\Documents\Visual Studio 2012\Projects\CS204_HW7\CS204_HW7\Debug\link.15028-rc.write.1.tlog
C:\Users\Roy\Documents\Visual Studio 2012\Projects\CS204_HW7\CS204_HW7\Debug\link.15028.read.1.tlog
C:\Users\Roy\Documents\Visual Studio 2012\Projects\CS204_HW7\CS204_HW7\Debug\link.15028.write.1.tlog
C:\Users\Roy\Documents\Visual Studio 2012\Projects\CS204_HW7\CS204_HW7\Debug\link.15064-cvtres.read.1.tlog
C:\Users\Roy\Documents\Visual Studio 2012\Projects\CS204_HW7\CS204_HW7\Debug\link.15064-cvtres.write.1.tlog
C:\Users\Roy\Documents\Visual Studio 2012\Projects\CS204_HW7\CS204_HW7\Debug\link.15064-rc.read.1.tlog
C:\Users\Roy\Documents\Visual Studio 2012\Projects\CS204_HW7\CS204_HW7\Debug\link.15064-rc.write.1.tlog
C:\Users\Roy\Documents\Visual Studio 2012\Projects\CS204_HW7\CS204_HW7\Debug\link.15064.read.1.tlog
C:\Users\Roy\Documents\Visual Studio 2012\Projects\CS204_HW7\CS204_HW7\Debug\link.15064.write.1.tlog
C:\Users\Roy\Documents\Visual Studio 2012\Projects\CS204_HW7\CS204_HW7\Debug\link.15624-cvtres.read.1.tlog
C:\Users\Roy\Documents\Visual Studio 2012\Projects\CS204_HW7\CS204_HW7\Debug\link.15624-cvtres.write.1.tlog
C:\Users\Roy\Documents\Visual Studio 2012\Projects\CS204_HW7\CS204_HW7\Debug\link.15624-rc.read.1.tlog
C:\Users\Roy\Documents\Visual Studio 2012\Projects\CS204_HW7\CS204_HW7\Debug\link.15624-rc.write.1.tlog
C:\Users\Roy\Documents\Visual Studio 2012\Projects\CS204_HW7\CS204_HW7\Debug\link.15624.read.1.tlog
C:\Users\Roy\Documents\Visual Studio 2012\Projects\CS204_HW7\CS204_HW7\Debug\link.15624.write.1.tlog
C:\Users\Roy\Documents\Visual Studio 2012\Projects\CS204_HW7\CS204_HW7\Debug\link.15868-cvtres.read.1.tlog
C:\Users\Roy\Documents\Visual Studio 2012\Projects\CS204_HW7\CS204_HW7\Debug\link.15868-cvtres.write.1.tlog
C:\Users\Roy\Documents\Visual Studio 2012\Projects\CS204_HW7\CS204_HW7\Debug\link.15868-rc.read.1.tlog
C:\Users\Roy\Documents\Visual Studio 2012\Projects\CS204_HW7\CS204_HW7\Debug\link.15868-rc.write.1.tlog
C:\Users\Roy\Documents\Visual Studio 2012\Projects\CS204_HW7\CS204_HW7\Debug\link.15868.read.1.tlog
C:\Users\Roy\Documents\Visual Studio 2012\Projects\CS204_HW7\CS204_HW7\Debug\link.15868.write.1.tlog
C:\Users\Roy\Documents\Visual Studio 2012\Projects\CS204_HW7\CS204_HW7\Debug\link.16516-cvtres.read.1.tlog
C:\Users\Roy\Documents\Visual Studio 2012\Projects\CS204_HW7\CS204_HW7\Debug\link.16516-cvtres.write.1.tlog
C:\Users\Roy\Documents\Visual Studio 2012\Projects\CS204_HW7\CS204_HW7\Debug\link.16516-rc.read.1.tlog
C:\Users\Roy\Documents\Visual Studio 2012\Projects\CS204_HW7\CS204_HW7\Debug\link.16516-rc.write.1.tlog
C:\Users\Roy\Documents\Visual Studio 2012\Projects\CS204_HW7\CS204_HW7\Debug\link.16516.read.1.tlog
C:\Users\Roy\Documents\Visual Studio 2012\Projects\CS204_HW7\CS204_HW7\Debug\link.16516.write.1.tlog
C:\Users\Roy\Documents\Visual Studio 2012\Projects\CS204_HW7\CS204_HW7\Debug\link.22500-cvtres.read.1.tlog
C:\Users\Roy\Documents\Visual Studio 2012\Projects\CS204_HW7\CS204_HW7\Debug\link.22500-cvtres.write.1.tlog
C:\Users\Roy\Documents\Visual Studio 2012\Projects\CS204_HW7\CS204_HW7\Debug\link.22500-rc.read.1.tlog
C:\Users\Roy\Documents\Visual Studio 2012\Projects\CS204_HW7\CS204_HW7\Debug\link.22500-rc.write.1.tlog
C:\Users\Roy\Documents\Visual Studio 2012\Projects\CS204_HW7\CS204_HW7\Debug\link.22500.read.1.tlog
C:\Users\Roy\Documents\Visual Studio 2012\Projects\CS204_HW7\CS204_HW7\Debug\link.22500.write.1.tlog
C:\Users\Roy\Documents\Visual Studio 2012\Projects\CS204_HW7\CS204_HW7\Debug\link.2944-cvtres.read.1.tlog
C:\Users\Roy\Documents\Visual Studio 2012\Projects\CS204_HW7\CS204_HW7\Debug\link.2944-cvtres.write.1.tlog
C:\Users\Roy\Documents\Visual Studio 2012\Projects\CS204_HW7\CS204_HW7\Debug\link.2944-rc.read.1.tlog
C:\Users\Roy\Documents\Visual Studio 2012\Projects\CS204_HW7\CS204_HW7\Debug\link.2944-rc.write.1.tlog
C:\Users\Roy\Documents\Visual Studio 2012\Projects\CS204_HW7\CS204_HW7\Debug\link.2944.read.1.tlog
C:\Users\Roy\Documents\Visual Studio 2012\Projects\CS204_HW7\CS204_HW7\Debug\link.2944.write.1.tlog
C:\Users\Roy\Documents\Visual Studio 2012\Projects\CS204_HW7\CS204_HW7\Debug\link.4796-cvtres.read.1.tlog
C:\Users\Roy\Documents\Visual Studio 2012\Projects\CS204_HW7\CS204_HW7\Debug\link.4796-cvtres.write.1.tlog
C:\Users\Roy\Documents\Visual Studio 2012\Projects\CS204_HW7\CS204_HW7\Debug\link.4796-rc.read.1.tlog
C:\Users\Roy\Documents\Visual Studio 2012\Projects\CS204_HW7\CS204_HW7\Debug\link.4796-rc.write.1.tlog
C:\Users\Roy\Documents\Visual Studio 2012\Projects\CS204_HW7\CS204_HW7\Debug\link.4796.read.1.tlog
C:\Users\Roy\Documents\Visual Studio 2012\Projects\CS204_HW7\CS204_HW7\Debug\link.4796.write.1.tlog
C:\Users\Roy\Documents\Visual Studio 2012\Projects\CS204_HW7\CS204_HW7\Debug\link.4820-cvtres.read.1.tlog
C:\Users\Roy\Documents\Visual Studio 2012\Projects\CS204_HW7\CS204_HW7\Debug\link.4820-cvtres.write.1.tlog
C:\Users\Roy\Documents\Visual Studio 2012\Projects\CS204_HW7\CS204_HW7\Debug\link.4820-rc.read.1.tlog
C:\Users\Roy\Documents\Visual Studio 2012\Projects\CS204_HW7\CS204_HW7\Debug\link.4820-rc.write.1.tlog
C:\Users\Roy\Documents\Visual Studio 2012\Projects\CS204_HW7\CS204_HW7\Debug\link.4820.read.1.tlog
C:\Users\Roy\Documents\Visual Studio 2012\Projects\CS204_HW7\CS204_HW7\Debug\link.4820.write.1.tlog
C:\Users\Roy\Documents\Visual Studio 2012\Projects\CS204_HW7\CS204_HW7\Debug\link.5608-cvtres.read.1.tlog
C:\Users\Roy\Documents\Visual Studio 2012\Projects\CS204_HW7\CS204_HW7\Debug\link.5608-cvtres.write.1.tlog
C:\Users\Roy\Documents\Visual Studio 2012\Projects\CS204_HW7\CS204_HW7\Debug\link.5608-rc.read.1.tlog
C:\Users\Roy\Documents\Visual Studio 2012\Projects\CS204_HW7\CS204_HW7\Debug\link.5608-rc.write.1.tlog
C:\Users\Roy\Documents\Visual Studio 2012\Projects\CS204_HW7\CS204_HW7\Debug\link.5608.read.1.tlog
C:\Users\Roy\Documents\Visual Studio 2012\Projects\CS204_HW7\CS204_HW7\Debug\link.5608.write.1.tlog
C:\Users\Roy\Documents\Visual Studio 2012\Projects\CS204_HW7\CS204_HW7\Debug\link.6340-cvtres.read.1.tlog
C:\Users\Roy\Documents\Visual Studio 2012\Projects\CS204_HW7\CS204_HW7\Debug\link.6340-cvtres.write.1.tlog
C:\Users\Roy\Documents\Visual Studio 2012\Projects\CS204_HW7\CS204_HW7\Debug\link.6340-rc.read.1.tlog
C:\Users\Roy\Documents\Visual Studio 2012\Projects\CS204_HW7\CS204_HW7\Debug\link.6340-rc.write.1.tlog
C:\Users\Roy\Documents\Visual Studio 2012\Projects\CS204_HW7\CS204_HW7\Debug\link.6340.read.1.tlog
C:\Users\Roy\Documents\Visual Studio 2012\Projects\CS204_HW7\CS204_HW7\Debug\link.6340.write.1.tlog
C:\Users\Roy\Documents\Visual Studio 2012\Projects\CS204_HW7\CS204_HW7\Debug\link.764-cvtres.read.1.tlog
C:\Users\Roy\Documents\Visual Studio 2012\Projects\CS204_HW7\CS204_HW7\Debug\link.764-cvtres.write.1.tlog
C:\Users\Roy\Documents\Visual Studio 2012\Projects\CS204_HW7\CS204_HW7\Debug\link.764-rc.read.1.tlog
C:\Users\Roy\Documents\Visual Studio 2012\Projects\CS204_HW7\CS204_HW7\Debug\link.764-rc.write.1.tlog
C:\Users\Roy\Documents\Visual Studio 2012\Projects\CS204_HW7\CS204_HW7\Debug\link.764.read.1.tlog
C:\Users\Roy\Documents\Visual Studio 2012\Projects\CS204_HW7\CS204_HW7\Debug\link.764.write.1.tlog
C:\Users\Roy\Documents\Visual Studio 2012\Projects\CS204_HW7\CS204_HW7\Debug\link.7924-cvtres.read.1.tlog
C:\Users\Roy\Documents\Visual Studio 2012\Projects\CS204_HW7\CS204_HW7\Debug\link.7924-cvtres.write.1.tlog
C:\Users\Roy\Documents\Visual Studio 2012\Projects\CS204_HW7\CS204_HW7\Debug\link.7924-rc.read.1.tlog
C:\Users\Roy\Documents\Visual Studio 2012\Projects\CS204_HW7\CS204_HW7\Debug\link.7924-rc.write.1.tlog
C:\Users\Roy\Documents\Visual Studio 2012\Projects\CS204_HW7\CS204_HW7\Debug\link.7924.read.1.tlog
C:\Users\Roy\Documents\Visual Studio 2012\Projects\CS204_HW7\CS204_HW7\Debug\link.7924.write.1.tlog
C:\Users\Roy\Documents\Visual Studio 2012\Projects\CS204_HW7\CS204_HW7\Debug\link.8388-cvtres.read.1.tlog
C:\Users\Roy\Documents\Visual Studio 2012\Projects\CS204_HW7\CS204_HW7\Debug\link.8388-cvtres.write.1.tlog
C:\Users\Roy\Documents\Visual Studio 2012\Projects\CS204_HW7\CS204_HW7\Debug\link.8388-rc.read.1.tlog
C:\Users\Roy\Documents\Visual Studio 2012\Projects\CS204_HW7\CS204_HW7\Debug\link.8388-rc.write.1.tlog
C:\Users\Roy\Documents\Visual Studio 2012\Projects\CS204_HW7\CS204_HW7\Debug\link.8388.read.1.tlog
C:\Users\Roy\Documents\Visual Studio 2012\Projects\CS204_HW7\CS204_HW7\Debug\link.8388.write.1.tlog
C:\Users\Roy\Documents\Visual Studio 2012\Projects\CS204_HW7\CS204_HW7\Debug\link.8608-cvtres.read.1.tlog
C:\Users\Roy\Documents\Visual Studio 2012\Projects\CS204_HW7\CS204_HW7\Debug\link.8608-cvtres.write.1.tlog
C:\Users\Roy\Documents\Visual Studio 2012\Projects\CS204_HW7\CS204_HW7\Debug\link.8608-rc.read.1.tlog
C:\Users\Roy\Documents\Visual Studio 2012\Projects\CS204_HW7\CS204_HW7\Debug\link.8608-rc.write.1.tlog
C:\Users\Roy\Documents\Visual Studio 2012\Projects\CS204_HW7\CS204_HW7\Debug\link.8608.read.1.tlog
C:\Users\Roy\Documents\Visual Studio 2012\Projects\CS204_HW7\CS204_HW7\Debug\link.8608.write.1.tlog
C:\Users\Roy\Documents\Visual Studio 2012\Projects\CS204_HW7\CS204_HW7\Debug\link.8760-cvtres.read.1.tlog
C:\Users\Roy\Documents\Visual Studio 2012\Projects\CS204_HW7\CS204_HW7\Debug\link.8760-cvtres.write.1.tlog
C:\Users\Roy\Documents\Visual Studio 2012\Projects\CS204_HW7\CS204_HW7\Debug\link.8760-rc.read.1.tlog
C:\Users\Roy\Documents\Visual Studio 2012\Projects\CS204_HW7\CS204_HW7\Debug\link.8760-rc.write.1.tlog
C:\Users\Roy\Documents\Visual Studio 2012\Projects\CS204_HW7\CS204_HW7\Debug\link.8760.read.1.tlog
C:\Users\Roy\Documents\Visual Studio 2012\Projects\CS204_HW7\CS204_HW7\Debug\link.8760.write.1.tlog
C:\Users\Roy\Documents\Visual Studio 2012\Projects\CS204_HW7\CS204_HW7\Debug\link.8868-cvtres.read.1.tlog
C:\Users\Roy\Documents\Visual Studio 2012\Projects\CS204_HW7\CS204_HW7\Debug\link.8868-cvtres.write.1.tlog
C:\Users\Roy\Documents\Visual Studio 2012\Projects\CS204_HW7\CS204_HW7\Debug\link.8868-rc.read.1.tlog
C:\Users\Roy\Documents\Visual Studio 2012\Projects\CS204_HW7\CS204_HW7\Debug\link.8868-rc.write.1.tlog
C:\Users\Roy\Documents\Visual Studio 2012\Projects\CS204_HW7\CS204_HW7\Debug\link.8868.read.1.tlog
C:\Users\Roy\Documents\Visual Studio 2012\Projects\CS204_HW7\CS204_HW7\Debug\link.8868.write.1.tlog
C:\Users\Roy\Documents\Visual Studio 2012\Projects\CS204_HW7\CS204_HW7\Debug\link.command.1.tlog
C:\Users\Roy\Documents\Visual Studio 2012\Projects\CS204_HW7\CS204_HW7\Debug\link.read.1.tlog
C:\Users\Roy\Documents\Visual Studio 2012\Projects\CS204_HW7\CS204_HW7\Debug\link.write.1.tlog
C:\Users\Roy\Documents\Visual Studio 2012\Projects\CS204_HW7\CS204_HW7\Debug\vc110.idb
C:\Users\Roy\Documents\Visual Studio 2012\Projects\CS204_HW7\CS204_HW7\Debug\vc110.pdb
C:\Users\Roy\Documents\Visual Studio 2012\Projects\CS204_HW7\Debug\CS204_HW7.pdb
C:\Users\Roy\Documents\Visual Studio 2012\Projects\CS204_HW7\Debug\CS204_HW7.exe
C:\Users\Roy\Documents\Visual Studio 2012\Projects\CS204_HW7\Debug\CS204_HW7.ilk
