C:\USERS\ROY\DOCUMENTS\VISUAL STUDIO 2012\PROJECTS\DISCUSSIONANSWERS\DISCUSSIONANSWERS\DEBUG\VC110.PDB
C:\USERS\ROY\DOCUMENTS\VISUAL STUDIO 2012\PROJECTS\DISCUSSIONANSWERS\DISCUSSIONANSWERS\DEBUG\WEEK1ANS.OBJ
C:\USERS\ROY\DOCUMENTS\VISUAL STUDIO 2012\PROJECTS\DISCUSSIONANSWERS\DISCUSSIONANSWERS\DEBUG\WEEK2Q1.OBJ
C:\USERS\ROY\DOCUMENTS\VISUAL STUDIO 2012\PROJECTS\DISCUSSIONANSWERS\DISCUSSIONANSWERS\DEBUG\WEEK2Q2.OBJ
C:\USERS\ROY\DOCUMENTS\VISUAL STUDIO 2012\PROJECTS\DISCUSSIONANSWERS\DISCUSSIONANSWERS\DEBUG\WEEK2Q3.OBJ
C:\USERS\ROY\DOCUMENTS\VISUAL STUDIO 2012\PROJECTS\DISCUSSIONANSWERS\DISCUSSIONANSWERS\DEBUG\WEEK2Q4.OBJ
C:\USERS\ROY\DOCUMENTS\VISUAL STUDIO 2012\PROJECTS\DISCUSSIONANSWERS\DISCUSSIONANSWERS\DEBUG\WEEK7Q1.OBJ
C:\USERS\ROY\DOCUMENTS\VISUAL STUDIO 2012\PROJECTS\DISCUSSIONANSWERS\DEBUG\DISCUSSIONANSWERS.ILK
C:\USERS\ROY\DOCUMENTS\VISUAL STUDIO 2012\PROJECTS\DISCUSSIONANSWERS\DEBUG\DISCUSSIONANSWERS.EXE
C:\USERS\ROY\DOCUMENTS\VISUAL STUDIO 2012\PROJECTS\DISCUSSIONANSWERS\DEBUG\DISCUSSIONANSWERS.PDB
C:\Users\Roy\Documents\Visual Studio 2012\Projects\DiscussionAnswers\DiscussionAnswers\Debug\week1Ans.obj
C:\Users\Roy\Documents\Visual Studio 2012\Projects\DiscussionAnswers\DiscussionAnswers\Debug\week2Q1.obj
C:\Users\Roy\Documents\Visual Studio 2012\Projects\DiscussionAnswers\DiscussionAnswers\Debug\week2Q2.obj
C:\Users\Roy\Documents\Visual Studio 2012\Projects\DiscussionAnswers\DiscussionAnswers\Debug\week2Q3.obj
C:\Users\Roy\Documents\Visual Studio 2012\Projects\DiscussionAnswers\DiscussionAnswers\Debug\week2Q4.obj
C:\Users\Roy\Documents\Visual Studio 2012\Projects\DiscussionAnswers\DiscussionAnswers\Debug\week7Q1.obj
C:\Users\Roy\Documents\Visual Studio 2012\Projects\DiscussionAnswers\DiscussionAnswers\Debug\cl.command.1.tlog
C:\Users\Roy\Documents\Visual Studio 2012\Projects\DiscussionAnswers\DiscussionAnswers\Debug\CL.read.1.tlog
C:\Users\Roy\Documents\Visual Studio 2012\Projects\DiscussionAnswers\DiscussionAnswers\Debug\CL.write.1.tlog
C:\Users\Roy\Documents\Visual Studio 2012\Projects\DiscussionAnswers\DiscussionAnswers\Debug\link-cvtres.read.1.tlog
C:\Users\Roy\Documents\Visual Studio 2012\Projects\DiscussionAnswers\DiscussionAnswers\Debug\link-cvtres.write.1.tlog
C:\Users\Roy\Documents\Visual Studio 2012\Projects\DiscussionAnswers\DiscussionAnswers\Debug\link-rc.read.1.tlog
C:\Users\Roy\Documents\Visual Studio 2012\Projects\DiscussionAnswers\DiscussionAnswers\Debug\link-rc.write.1.tlog
C:\Users\Roy\Documents\Visual Studio 2012\Projects\DiscussionAnswers\DiscussionAnswers\Debug\link.12928-cvtres.read.1.tlog
C:\Users\Roy\Documents\Visual Studio 2012\Projects\DiscussionAnswers\DiscussionAnswers\Debug\link.12928-cvtres.write.1.tlog
C:\Users\Roy\Documents\Visual Studio 2012\Projects\DiscussionAnswers\DiscussionAnswers\Debug\link.12928-rc.read.1.tlog
C:\Users\Roy\Documents\Visual Studio 2012\Projects\DiscussionAnswers\DiscussionAnswers\Debug\link.12928-rc.write.1.tlog
C:\Users\Roy\Documents\Visual Studio 2012\Projects\DiscussionAnswers\DiscussionAnswers\Debug\link.12928.read.1.tlog
C:\Users\Roy\Documents\Visual Studio 2012\Projects\DiscussionAnswers\DiscussionAnswers\Debug\link.12928.write.1.tlog
C:\Users\Roy\Documents\Visual Studio 2012\Projects\DiscussionAnswers\DiscussionAnswers\Debug\link.18272-cvtres.read.1.tlog
C:\Users\Roy\Documents\Visual Studio 2012\Projects\DiscussionAnswers\DiscussionAnswers\Debug\link.18272-cvtres.write.1.tlog
C:\Users\Roy\Documents\Visual Studio 2012\Projects\DiscussionAnswers\DiscussionAnswers\Debug\link.18272-rc.read.1.tlog
C:\Users\Roy\Documents\Visual Studio 2012\Projects\DiscussionAnswers\DiscussionAnswers\Debug\link.18272-rc.write.1.tlog
C:\Users\Roy\Documents\Visual Studio 2012\Projects\DiscussionAnswers\DiscussionAnswers\Debug\link.18272.read.1.tlog
C:\Users\Roy\Documents\Visual Studio 2012\Projects\DiscussionAnswers\DiscussionAnswers\Debug\link.18272.write.1.tlog
C:\Users\Roy\Documents\Visual Studio 2012\Projects\DiscussionAnswers\DiscussionAnswers\Debug\link.220-cvtres.read.1.tlog
C:\Users\Roy\Documents\Visual Studio 2012\Projects\DiscussionAnswers\DiscussionAnswers\Debug\link.220-cvtres.write.1.tlog
C:\Users\Roy\Documents\Visual Studio 2012\Projects\DiscussionAnswers\DiscussionAnswers\Debug\link.220-rc.read.1.tlog
C:\Users\Roy\Documents\Visual Studio 2012\Projects\DiscussionAnswers\DiscussionAnswers\Debug\link.220-rc.write.1.tlog
C:\Users\Roy\Documents\Visual Studio 2012\Projects\DiscussionAnswers\DiscussionAnswers\Debug\link.220.read.1.tlog
C:\Users\Roy\Documents\Visual Studio 2012\Projects\DiscussionAnswers\DiscussionAnswers\Debug\link.220.write.1.tlog
C:\Users\Roy\Documents\Visual Studio 2012\Projects\DiscussionAnswers\DiscussionAnswers\Debug\link.23540-cvtres.read.1.tlog
C:\Users\Roy\Documents\Visual Studio 2012\Projects\DiscussionAnswers\DiscussionAnswers\Debug\link.23540-cvtres.write.1.tlog
C:\Users\Roy\Documents\Visual Studio 2012\Projects\DiscussionAnswers\DiscussionAnswers\Debug\link.23540-rc.read.1.tlog
C:\Users\Roy\Documents\Visual Studio 2012\Projects\DiscussionAnswers\DiscussionAnswers\Debug\link.23540-rc.write.1.tlog
C:\Users\Roy\Documents\Visual Studio 2012\Projects\DiscussionAnswers\DiscussionAnswers\Debug\link.23540.read.1.tlog
C:\Users\Roy\Documents\Visual Studio 2012\Projects\DiscussionAnswers\DiscussionAnswers\Debug\link.23540.write.1.tlog
C:\Users\Roy\Documents\Visual Studio 2012\Projects\DiscussionAnswers\DiscussionAnswers\Debug\link.4580-cvtres.read.1.tlog
C:\Users\Roy\Documents\Visual Studio 2012\Projects\DiscussionAnswers\DiscussionAnswers\Debug\link.4580-cvtres.write.1.tlog
C:\Users\Roy\Documents\Visual Studio 2012\Projects\DiscussionAnswers\DiscussionAnswers\Debug\link.4580-rc.read.1.tlog
C:\Users\Roy\Documents\Visual Studio 2012\Projects\DiscussionAnswers\DiscussionAnswers\Debug\link.4580-rc.write.1.tlog
C:\Users\Roy\Documents\Visual Studio 2012\Projects\DiscussionAnswers\DiscussionAnswers\Debug\link.4580.read.1.tlog
C:\Users\Roy\Documents\Visual Studio 2012\Projects\DiscussionAnswers\DiscussionAnswers\Debug\link.4580.write.1.tlog
C:\Users\Roy\Documents\Visual Studio 2012\Projects\DiscussionAnswers\DiscussionAnswers\Debug\link.command.1.tlog
C:\Users\Roy\Documents\Visual Studio 2012\Projects\DiscussionAnswers\DiscussionAnswers\Debug\link.read.1.tlog
C:\Users\Roy\Documents\Visual Studio 2012\Projects\DiscussionAnswers\DiscussionAnswers\Debug\link.write.1.tlog
C:\Users\Roy\Documents\Visual Studio 2012\Projects\DiscussionAnswers\DiscussionAnswers\Debug\vc110.idb
C:\Users\Roy\Documents\Visual Studio 2012\Projects\DiscussionAnswers\DiscussionAnswers\Debug\vc110.pdb
C:\Users\Roy\Documents\Visual Studio 2012\Projects\DiscussionAnswers\Debug\DiscussionAnswers.pdb
